<test-run id="2" testcasecount="2" result="Passed" start-time="2022-07-22 07:30:33.242709" end-time="2022-07-22 07:30:34.302092" duration="1" total="2" passed="2" failed="0" inconclusive="0" skipped="0" asserts="0" clr-version="3.10.5 (tags/v3.10.5:f377153, Jun  6 2022, 16:14:13) [MSC v.1929 64 bit (AMD64)]" engine-version="3.6.2"><command-line>C:\Users\v-pajindal\AppData\Local\pypoetry\Cache\virtualenvs\app--eboskVA-py3.10\Scripts\pytest</command-line><filter /><test-suite id="tests/test_main.py" name="tests/test_main.py" fullname="tests/test_main.py" methodname="" classname="" runstate="Runnable" type="Assembly" testcasecount="2" result="Passed" label="" start-time="2022-07-22 07:30:34.251560" end-time="2022-07-22 07:30:34.301095" duration="0.049535" asserts="0" total="2" passed="2" failed="0" warnings="0" inconclusive="0" skipped="0"><properties><property name="python_version" value="3.10.5 (tags/v3.10.5:f377153, Jun  6 2022, 16:14:13) [MSC v.1929 64 bit (AMD64)]" /></properties><test-case id="100" name="tests/test_main.py::test_read_main" fullname="tests/test_main.py::test_read_main" methodname="test_read_main" classname="tests/test_main.py" runstate="Runnable" seed="1" result="Passed" label="Testing root path" start-time="2022-07-22 07:30:34.251560" end-time="2022-07-22 07:30:34.269514" duration="0.017954" asserts="0"><properties><property name="python-version" value="3.10.5 (tags/v3.10.5:f377153, Jun  6 2022, 16:14:13) [MSC v.1929 64 bit (AMD64)]" /><property name="fspath" value="tests/test_main.py" /></properties><environment framework-version="3.6.2" clr-version="3.10.5 (tags/v3.10.5:f377153, Jun  6 2022, 16:14:13) [MSC v.1929 64 bit (AMD64)]" os-version="10" platform="Windows" cwd="C:\Users\v-pajindal\Desktop\Champions\Champions" machine-name="AMD64" user="" user-domain="" culture="en_US" uiculture="en_US" os-architecture="64bit" /><failure><message><![CDATA[]]></message><stack-trace><![CDATA[None]]></stack-trace></failure><reason><message><![CDATA[]]></message></reason><output><![CDATA[]]></output></test-case><test-case id="101" name="tests/test_main.py::test_get_mental_health_champions" fullname="tests/test_main.py::test_get_mental_health_champions" methodname="test_get_mental_health_champions" classname="tests/test_main.py" runstate="Runnable" seed="1" result="Passed" label="Testing get champions" start-time="2022-07-22 07:30:34.287107" end-time="2022-07-22 07:30:34.301095" duration="0.013988" asserts="0"><properties><property name="python-version" value="3.10.5 (tags/v3.10.5:f377153, Jun  6 2022, 16:14:13) [MSC v.1929 64 bit (AMD64)]" /><property name="fspath" value="tests/test_main.py" /></properties><environment framework-version="3.6.2" clr-version="3.10.5 (tags/v3.10.5:f377153, Jun  6 2022, 16:14:13) [MSC v.1929 64 bit (AMD64)]" os-version="10" platform="Windows" cwd="C:\Users\v-pajindal\Desktop\Champions\Champions" machine-name="AMD64" user="" user-domain="" culture="en_US" uiculture="en_US" os-architecture="64bit" /><failure><message><![CDATA[]]></message><stack-trace><![CDATA[None]]></stack-trace></failure><reason><message><![CDATA[]]></message></reason><output><![CDATA[]]></output></test-case><environment framework-version="3.6.2" clr-version="3.10.5 (tags/v3.10.5:f377153, Jun  6 2022, 16:14:13) [MSC v.1929 64 bit (AMD64)]" os-version="10" platform="Windows" cwd="C:\Users\v-pajindal\Desktop\Champions\Champions" machine-name="AMD64" user="" user-domain="" culture="en_US" uiculture="en_US" os-architecture="64bit" /></test-suite></test-run>