<?xml version="1.0" encoding="utf-8"?><testsuites><testsuite name="pytest" errors="0" failures="0" skipped="0" tests="2" time="0.868" timestamp="2022-07-22T13:02:48.589300" hostname="V-PAJINDAL-Z240"><testcase classname="tests.test_main" name="test_read_main" time="0.028" /><testcase classname="tests.test_main" name="test_get_mental_health_champions" time="0.028" /></testsuite></testsuites>